[33m[nodemon] 1.18.7[39m
[33m[nodemon] to restart at any time, enter `rs`[39m
[33m[nodemon] watching: *.*[39m
[32m[nodemon] starting `node --inspect bot1.js`[39m
Debugger listening on ws://127.0.0.1:9229/5f48149d-ee91-4f80-9757-6ad5b393670c
For help, see: https://nodejs.org/en/docs/inspector
events.js:167
      throw er; // Unhandled 'error' event
      ^

Error: EBADF: bad file descriptor, read
Emitted 'error' event at:
    at lazyFs.read (internal/fs/streams.js:165:12)
    at FSReqWrap.wrapper [as oncomplete] (fs.js:460:17)
[33m[nodemon] 1.18.7[39m
[33m[nodemon] to restart at any time, enter `rs`[39m
[33m[nodemon] watching: *.*[39m
[32m[nodemon] starting `node --inspect bot1.js`[39m
Debugger listening on ws://127.0.0.1:9229/316bfdd7-ccc8-45e0-88c9-bd350578f938
For help, see: https://nodejs.org/en/docs/inspector
events.js:167
      throw er; // Unhandled 'error' event
      ^

Error: EBADF: bad file descriptor, read
Emitted 'error' event at:
    at lazyFs.read (internal/fs/streams.js:165:12)
    at FSReqWrap.wrapper [as oncomplete] (fs.js:460:17)
