0 info it worked if it ends with ok
1 verbose cli [ 'node', '/usr/bin/npm', 'install', 'discord.js' ]
2 info using npm@1.3.6
3 info using node@v0.10.48
4 error Error: Invalid name: "build support"
4 error     at ensureValidName (/usr/lib/node_modules/normalize-package-data/lib/fixer.js:281:15)
4 error     at Object.module.exports.fixNameField (/usr/lib/node_modules/normalize-package-data/lib/fixer.js:196:5)
4 error     at /usr/lib/node_modules/normalize-package-data/lib/normalize.js:29:38
4 error     at Array.forEach (native)
4 error     at normalize (/usr/lib/node_modules/normalize-package-data/lib/normalize.js:28:15)
4 error     at final (/usr/lib/node_modules/read-package-json/read-json.js:310:33)
4 error     at then (/usr/lib/node_modules/read-package-json/read-json.js:124:33)
4 error     at /usr/lib/node_modules/read-package-json/read-json.js:284:48
4 error     at fs.js:208:20
4 error     at OpenReq.Req.done (/usr/lib/node_modules/graceful-fs/graceful-fs.js:135:5)
5 error If you need help, you may report this log at:
5 error     <http://github.com/isaacs/npm/issues>
5 error or email it to:
5 error     <npm-@googlegroups.com>
6 error System Linux 2.6.32-431.1.2.0.1.el6.x86_64
7 error command "node" "/usr/bin/npm" "install" "discord.js"
8 error cwd /home1/irteam/build support
9 error node -v v0.10.48
10 error npm -v 1.3.6
11 verbose exit [ 1, true ]
